2026-07-18 04-20-12 - [INFO] - the system started!
2026-07-18 04-20-16 - [INFO] - choice entered!
2026-07-18 04-20-18 - [INFO] - choice entered!
2026-07-18 04-20-19 - [INFO] - choice entered!
2026-07-18 04-20-20 - [INFO] - choice entered!
2026-07-18 04-31-19 - [INFO] - the system started!
2026-07-18 04-31-26 - [INFO] - choice entered!
2026-07-18 04-31-28 - [INFO] - choice entered!
2026-07-18 04-31-28 - [INFO] - choice entered!
2026-07-18 04-31-29 - [INFO] - choice entered!
2026-07-18 10-55-29 - [INFO] - the system started!
2026-07-18 10-55-37 - [INFO] - choice entered!
2026-07-18 10-55-45 - [INFO] - city islamabad is enterd 
2026-07-18 10-55-45 - [ERROR] - cannot connect to the network!
2026-07-18 11-09-50 - [INFO] - the system started!
2026-07-18 11-09-56 - [INFO] - choice entered!
2026-07-18 11-10-05 - [INFO] - city islamabad is enterd 
2026-07-18 11-10-11 - [ERROR] - cannot connect to the network!
2026-07-18 11-12-08 - [INFO] - choice entered!
2026-07-18 11-12-08 - [INFO] - the user exit the application!
2026-07-18 11-14-21 - [INFO] - the system started!
2026-07-18 11-14-23 - [INFO] - choice entered!
2026-07-18 11-14-26 - [INFO] - city hangu is enterd 
2026-07-18 11-14-26 - [ERROR] - cannot connect to the network!
2026-07-18 11-17-28 - [INFO] - choice entered!
2026-07-18 11-17-28 - [INFO] - the user exit the application!
2026-07-18 11-17-31 - [INFO] - the system started!
2026-07-18 11-17-33 - [INFO] - choice entered!
2026-07-18 11-17-35 - [INFO] - city hangu is enterd 
2026-07-18 11-17-35 - [ERROR] - cannot connect to the network!
2026-07-18 11-32-15 - [INFO] - choice entered!
2026-07-18 11-32-15 - [INFO] - the user exit the application!
2026-07-18 11-32-18 - [INFO] - the system started!
2026-07-18 11-32-20 - [INFO] - choice entered!
2026-07-18 11-32-23 - [INFO] - city hangu is enterd 
2026-07-18 11-32-32 - [INFO] - choice entered!
2026-07-18 11-32-37 - [INFO] - city islamabad is enterd 
2026-07-18 11-33-35 - [INFO] - choice entered!
2026-07-18 11-33-35 - [INFO] - the user exit the application!
2026-07-18 11-36-08 - [INFO] - the system started!
2026-07-18 11-36-11 - [INFO] - choice entered!
2026-07-18 11-36-16 - [INFO] - city islamabad is enterd 
2026-07-18 11-38-38 - [INFO] - choice entered!
2026-07-18 11-38-38 - [INFO] - the user exit the application!
2026-07-18 11-38-41 - [INFO] - the system started!
2026-07-18 11-38-43 - [INFO] - choice entered!
2026-07-18 11-38-49 - [INFO] - city london is enterd 
2026-07-18 11-38-58 - [INFO] - choice entered!
2026-07-18 11-38-58 - [INFO] - search history is displyed! 
2026-07-18 11-39-00 - [INFO] - choice entered!
2026-07-18 11-39-00 - [INFO] - Clear all search history!
2026-07-18 11-39-03 - [INFO] - choice entered!
2026-07-18 11-39-03 - [INFO] - the user exit the application!
2026-07-18 11-41-57 - [INFO] - the system started!
2026-07-18 11-41-58 - [INFO] - choice entered!
2026-07-18 11-42-03 - [INFO] - city london is enterd 
2026-07-18 11-48-18 - [INFO] - the system started!
2026-07-18 11-48-24 - [INFO] - choice entered!
2026-07-18 11-48-30 - [INFO] - city london is enterd 
2026-07-18 11-56-51 - [INFO] - choice entered!
2026-07-18 11-56-51 - [INFO] - the user exit the application!
2026-07-18 11-56-54 - [INFO] - the system started!
2026-07-18 11-56-55 - [INFO] - choice entered!
2026-07-18 11-56-58 - [INFO] - city london is enterd 
2026-07-18 11-56-59 - [INFO] - Search london is saved to database 
2026-07-18 11-57-21 - [INFO] - choice entered!
2026-07-18 11-57-25 - [INFO] - city islamabad is enterd 
2026-07-18 11-57-26 - [INFO] - Search islamabad is saved to database 
2026-07-18 11-57-46 - [INFO] - choice entered!
2026-07-18 11-57-46 - [INFO] - search history is displyed! 
2026-07-18 11-57-59 - [INFO] - choice entered!
2026-07-18 11-57-59 - [INFO] - Clear all search history!
2026-07-18 11-58-01 - [INFO] - choice entered!
2026-07-18 11-58-01 - [INFO] - search history is displyed! 
2026-07-18 11-58-03 - [INFO] - choice entered!
2026-07-18 11-58-03 - [INFO] - the user exit the application!
2026-07-19 03-35-11 - [INFO] - the system started!
2026-07-19 03-35-18 - [INFO] - choice entered!
2026-07-19 03-35-22 - [INFO] - city hangu is enterd 
2026-07-19 03-35-23 - [INFO] - Search hangu is saved to database 
2026-07-19 03-35-28 - [INFO] - choice entered!
2026-07-19 03-35-35 - [INFO] - city islamabad is enterd 
2026-07-19 03-35-36 - [INFO] - Search islamabad is saved to database 
2026-07-19 03-38-14 - [INFO] - choice entered!
2026-07-19 03-38-14 - [INFO] - search history is displyed! 
2026-07-19 03-38-16 - [INFO] - choice entered!
2026-07-19 03-38-16 - [INFO] - Clear all search history!
2026-07-19 03-38-17 - [INFO] - choice entered!
2026-07-19 03-38-17 - [INFO] - the user exit the application!
